# JRE version: Java(TM) SE Runtime Environment (8.0_212-b10) (build 1.8.0_212-b10)
# Java VM: Java HotSpot(TM) 64-Bit Server VM (25.212-b10 mixed mode windows-amd64 compressed oops)
Heap:
 PSYoungGen      total 243200K, used 2592K [0x00000000d6380000, 0x00000000e6d80000, 0x0000000100000000)
  eden space 238592K, 0% used [0x00000000d6380000,0x00000000d6380000,0x00000000e4c80000)
  from space 4608K, 56% used [0x00000000e6900000,0x00000000e6b88000,0x00000000e6d80000)
  to   space 16896K, 0% used [0x00000000e4c80000,0x00000000e4c80000,0x00000000e5d00000)
 ParOldGen       total 124928K, used 29911K [0x0000000082a00000, 0x000000008a400000, 0x00000000d6380000)
  object space 124928K, 23% used [0x0000000082a00000,0x0000000084735f18,0x000000008a400000)
 Metaspace       used 59892K, capacity 63714K, committed 63960K, reserved 1103872K
  class space    used 8460K, capacity 9090K, committed 9216K, reserved 1048576K
GC Heap History (10 events):
Event: 384.417 GC heap after
Heap after GC invocations=15 (full 3):
 PSYoungGen      total 271360K, used 4863K [0x00000000d6380000, 0x00000000e8f80000, 0x0000000100000000)
  eden space 266240K, 0% used [0x00000000d6380000,0x00000000d6380000,0x00000000e6780000)
  from space 5120K, 94% used [0x00000000e8a80000,0x00000000e8f3fe08,0x00000000e8f80000)
  to   space 17920K, 0% used [0x00000000e6c80000,0x00000000e6c80000,0x00000000e7e00000)
 ParOldGen       total 124928K, used 29879K [0x0000000082a00000, 0x000000008a400000, 0x00000000d6380000)
  object space 124928K, 23% used [0x0000000082a00000,0x000000008472df18,0x000000008a400000)
 Metaspace       used 59658K, capacity 63408K, committed 63576K, reserved 1103872K
  class space    used 8419K, capacity 9056K, committed 9088K, reserved 1048576K
}
Event: 938.769 GC heap before
{Heap before GC invocations=16 (full 3):
 PSYoungGen      total 271360K, used 271103K [0x00000000d6380000, 0x00000000e8f80000, 0x0000000100000000)
  eden space 266240K, 100% used [0x00000000d6380000,0x00000000e6780000,0x00000000e6780000)
  from space 5120K, 94% used [0x00000000e8a80000,0x00000000e8f3fe08,0x00000000e8f80000)
  to   space 17920K, 0% used [0x00000000e6c80000,0x00000000e6c80000,0x00000000e7e00000)
 ParOldGen       total 124928K, used 29879K [0x0000000082a00000, 0x000000008a400000, 0x00000000d6380000)
  object space 124928K, 23% used [0x0000000082a00000,0x000000008472df18,0x000000008a400000)
 Metaspace       used 59760K, capacity 63582K, committed 63832K, reserved 1103872K
  class space    used 8436K, capacity 9063K, committed 9088K, reserved 1048576K
Event: 938.774 GC heap after
Heap after GC invocations=16 (full 3):
 PSYoungGen      total 259072K, used 2480K [0x00000000d6380000, 0x00000000e8b00000, 0x0000000100000000)
  eden space 256512K, 0% used [0x00000000d6380000,0x00000000d6380000,0x00000000e5e00000)
  from space 2560K, 96% used [0x00000000e6c80000,0x00000000e6eec030,0x00000000e6f00000)
  to   space 17920K, 0% used [0x00000000e7980000,0x00000000e7980000,0x00000000e8b00000)
 ParOldGen       total 124928K, used 29887K [0x0000000082a00000, 0x000000008a400000, 0x00000000d6380000)
  object space 124928K, 23% used [0x0000000082a00000,0x000000008472ff18,0x000000008a400000)
 Metaspace       used 59760K, capacity 63582K, committed 63832K, reserved 1103872K
  class space    used 8436K, capacity 9063K, committed 9088K, reserved 1048576K
}
Event: 7664.623 GC heap before
{Heap before GC invocations=17 (full 3):
 PSYoungGen      total 259072K, used 258992K [0x00000000d6380000, 0x00000000e8b00000, 0x0000000100000000)
  eden space 256512K, 100% used [0x00000000d6380000,0x00000000e5e00000,0x00000000e5e00000)
  from space 2560K, 96% used [0x00000000e6c80000,0x00000000e6eec030,0x00000000e6f00000)
  to   space 17920K, 0% used [0x00000000e7980000,0x00000000e7980000,0x00000000e8b00000)
 ParOldGen       total 124928K, used 29887K [0x0000000082a00000, 0x000000008a400000, 0x00000000d6380000)
  object space 124928K, 23% used [0x0000000082a00000,0x000000008472ff18,0x000000008a400000)
 Metaspace       used 59810K, capacity 63624K, committed 63832K, reserved 1103872K
  class space    used 8442K, capacity 9070K, committed 9088K, reserved 1048576K
Event: 7664.627 GC heap after
Heap after GC invocations=17 (full 3):
 PSYoungGen      total 250880K, used 3248K [0x00000000d6380000, 0x00000000e7d00000, 0x0000000100000000)
  eden space 247296K, 0% used [0x00000000d6380000,0x00000000d6380000,0x00000000e5500000)
  from space 3584K, 90% used [0x00000000e7980000,0x00000000e7cac030,0x00000000e7d00000)
  to   space 17920K, 0% used [0x00000000e5a00000,0x00000000e5a00000,0x00000000e6b80000)
 ParOldGen       total 124928K, used 29895K [0x0000000082a00000, 0x000000008a400000, 0x00000000d6380000)
  object space 124928K, 23% used [0x0000000082a00000,0x0000000084731f18,0x000000008a400000)
 Metaspace       used 59810K, capacity 63624K, committed 63832K, reserved 1103872K
  class space    used 8442K, capacity 9070K, committed 9088K, reserved 1048576K
}
Event: 9360.655 GC heap before
{Heap before GC invocations=18 (full 3):
 PSYoungGen      total 250880K, used 250544K [0x00000000d6380000, 0x00000000e7d00000, 0x0000000100000000)
  eden space 247296K, 100% used [0x00000000d6380000,0x00000000e5500000,0x00000000e5500000)
  from space 3584K, 90% used [0x00000000e7980000,0x00000000e7cac030,0x00000000e7d00000)
  to   space 17920K, 0% used [0x00000000e5a00000,0x00000000e5a00000,0x00000000e6b80000)
 ParOldGen       total 124928K, used 29895K [0x0000000082a00000, 0x000000008a400000, 0x00000000d6380000)
  object space 124928K, 23% used [0x0000000082a00000,0x0000000084731f18,0x000000008a400000)
 Metaspace       used 59819K, capacity 63648K, committed 63832K, reserved 1103872K
  class space    used 8444K, capacity 9074K, committed 9088K, reserved 1048576K
Event: 9360.663 GC heap after
Heap after GC invocations=18 (full 3):
 PSYoungGen      total 242176K, used 3472K [0x00000000d6380000, 0x00000000e7a00000, 0x0000000100000000)
  eden space 238592K, 0% used [0x00000000d6380000,0x00000000d6380000,0x00000000e4c80000)
  from space 3584K, 96% used [0x00000000e5a00000,0x00000000e5d64030,0x00000000e5d80000)
  to   space 17408K, 0% used [0x00000000e6900000,0x00000000e6900000,0x00000000e7a00000)
 ParOldGen       total 124928K, used 29903K [0x0000000082a00000, 0x000000008a400000, 0x00000000d6380000)
  object space 124928K, 23% used [0x0000000082a00000,0x0000000084733f18,0x000000008a400000)
 Metaspace       used 59819K, capacity 63648K, committed 63832K, reserved 1103872K
  class space    used 8444K, capacity 9074K, committed 9088K, reserved 1048576K
}
Event: 9729.864 GC heap before
{Heap before GC invocations=19 (full 3):
 PSYoungGen      total 242176K, used 179318K [0x00000000d6380000, 0x00000000e7a00000, 0x0000000100000000)
  eden space 238592K, 73% used [0x00000000d6380000,0x00000000e0f39b60,0x00000000e4c80000)
  from space 3584K, 96% used [0x00000000e5a00000,0x00000000e5d64030,0x00000000e5d80000)
  to   space 17408K, 0% used [0x00000000e6900000,0x00000000e6900000,0x00000000e7a00000)
 ParOldGen       total 124928K, used 29903K [0x0000000082a00000, 0x000000008a400000, 0x00000000d6380000)
  object space 124928K, 23% used [0x0000000082a00000,0x0000000084733f18,0x000000008a400000)
 Metaspace       used 59892K, capacity 63714K, committed 63960K, reserved 1103872K
  class space    used 8460K, capacity 9090K, committed 9216K, reserved 1048576K
Event: 9729.868 GC heap after
Heap after GC invocations=19 (full 3):
 PSYoungGen      total 243200K, used 2592K [0x00000000d6380000, 0x00000000e6d80000, 0x0000000100000000)
  eden space 238592K, 0% used [0x00000000d6380000,0x00000000d6380000,0x00000000e4c80000)
  from space 4608K, 56% used [0x00000000e6900000,0x00000000e6b88000,0x00000000e6d80000)
  to   space 16896K, 0% used [0x00000000e4c80000,0x00000000e4c80000,0x00000000e5d00000)
 ParOldGen       total 124928K, used 29911K [0x0000000082a00000, 0x000000008a400000, 0x00000000d6380000)
  object space 124928K, 23% used [0x0000000082a00000,0x0000000084735f18,0x000000008a400000)
 Metaspace       used 59892K, capacity 63714K, committed 63960K, reserved 1103872K
  class space    used 8460K, capacity 9090K, committed 9216K, reserved 1048576K
}
Event: 9729.868 GC heap before
{Heap before GC invocations=20 (full 4):
 PSYoungGen      total 243200K, used 2592K [0x00000000d6380000, 0x00000000e6d80000, 0x0000000100000000)
  eden space 238592K, 0% used [0x00000000d6380000,0x00000000d6380000,0x00000000e4c80000)
  from space 4608K, 56% used [0x00000000e6900000,0x00000000e6b88000,0x00000000e6d80000)
  to   space 16896K, 0% used [0x00000000e4c80000,0x00000000e4c80000,0x00000000e5d00000)
 ParOldGen       total 124928K, used 29911K [0x0000000082a00000, 0x000000008a400000, 0x00000000d6380000)
  object space 124928K, 23% used [0x0000000082a00000,0x0000000084735f18,0x000000008a400000)
 Metaspace       used 59892K, capacity 63714K, committed 63960K, reserved 1103872K
  class space    used 8460K, capacity 9090K, committed 9216K, reserved 1048576K

